<?xml version="1.0" encoding="UTF-8"?>
<!-- Generated by org.testng.reporters.JUnitReportReporter -->
<testsuite hostname="DESKTOP-AC0FD9L" failures="0" tests="2" name="dek21.tests.player_controller.CreatePlayerTest" time="0.341" errors="0" timestamp="2023-11-01T10:52:33 EET" skipped="0">
  <testcase classname="dek21.tests.player_controller.CreatePlayerTest" name="createPlayerTest" time="0.179"/>
  <testcase classname="dek21.tests.player_controller.CreatePlayerTest" name="createPlayerWithAge61Test" time="0.162"/>
</testsuite> <!-- dek21.tests.player_controller.CreatePlayerTest -->
