<?xml version="1.0" encoding="UTF-8"?>
<!-- Generated by org.testng.reporters.JUnitReportReporter -->
<testsuite hostname="DESKTOP-AC0FD9L" failures="0" tests="3" name="dek21.tests.player_controller.GetPlayerByIdTest" time="0.919" errors="0" timestamp="2023-11-01T10:52:33 EET" skipped="0">
  <testcase classname="dek21.tests.player_controller.GetPlayerByIdTest" name="getDefaultPlayerByIdTest" time="0.622"/>
  <testcase classname="dek21.tests.player_controller.GetPlayerByIdTest" name="getPlayerByNegativeIdTest" time="0.148"/>
  <testcase classname="dek21.tests.player_controller.GetPlayerByIdTest" name="getPlayerByIdTest" time="0.149"/>
</testsuite> <!-- dek21.tests.player_controller.GetPlayerByIdTest -->
