<?xml version="1.0" encoding="UTF-8"?>
<!-- Generated by org.testng.reporters.JUnitReportReporter -->
<testsuite hostname="DESKTOP-AC0FD9L" failures="0" tests="3" name="dek21.tests.player_controller.UpdatePlayerTest" time="0.856" errors="0" timestamp="2023-11-01T10:52:33 EET" skipped="0">
  <testcase classname="dek21.tests.player_controller.UpdatePlayerTest" name="updateByNegativeIdTest" time="0.507"/>
  <testcase classname="dek21.tests.player_controller.UpdatePlayerTest" name="updatePlayerTest" time="0.194"/>
  <testcase classname="dek21.tests.player_controller.UpdatePlayerTest" name="updateNotExistedPlayerTest" time="0.155"/>
</testsuite> <!-- dek21.tests.player_controller.UpdatePlayerTest -->
